Using pre-set license
Built from '2022.3/respin/2022.3.62f2-4af31df585-v2' branch; Version is '2022.3.62f3 (96770f904ca7) revision 9860879'; Using compiler version '192829333'; Build Type 'Release'
OS: 'Windows 11  (10.0.26200) 64bit Core' Language: 'en' Physical Memory: 14029 MB
BatchMode: 1, IsHumanControllingUs: 0, StartBugReporterOnCrash: 0, Is64bit: 1, IsPro: 1

COMMAND LINE ARGUMENTS:
C:\Program Files\Unity\Hub\Editor\2022.3.62f3\Editor\Unity.exe
-adb2
-batchMode
-noUpm
-name
AssetImportWorker2
-projectPath
C:/Users/Meowmeran/G14_DrinkLabs
-logFile
Logs/AssetImportWorker2.log
-srvPort
58535
Successfully changed project path to: C:/Users/Meowmeran/G14_DrinkLabs
C:/Users/Meowmeran/G14_DrinkLabs
[UnityMemory] Configuration Parameters - Can be set up in boot.config
    "memorysetup-bucket-allocator-granularity=16"
    "memorysetup-bucket-allocator-bucket-count=8"
    "memorysetup-bucket-allocator-block-size=33554432"
    "memorysetup-bucket-allocator-block-count=8"
    "memorysetup-main-allocator-block-size=16777216"
    "memorysetup-thread-allocator-block-size=16777216"
    "memorysetup-gfx-main-allocator-block-size=16777216"
    "memorysetup-gfx-thread-allocator-block-size=16777216"
    "memorysetup-cache-allocator-block-size=4194304"
    "memorysetup-typetree-allocator-block-size=2097152"
    "memorysetup-profiler-bucket-allocator-granularity=16"
    "memorysetup-profiler-bucket-allocator-bucket-count=8"
    "memorysetup-profiler-bucket-allocator-block-size=33554432"
    "memorysetup-profiler-bucket-allocator-block-count=8"
    "memorysetup-profiler-allocator-block-size=16777216"
    "memorysetup-profiler-editor-allocator-block-size=1048576"
    "memorysetup-temp-allocator-size-main=16777216"
    "memorysetup-job-temp-allocator-block-size=2097152"
    "memorysetup-job-temp-allocator-block-size-background=1048576"
    "memorysetup-job-temp-allocator-reduction-small-platforms=262144"
    "memorysetup-allocator-temp-initial-block-size-main=262144"
    "memorysetup-allocator-temp-initial-block-size-worker=262144"
    "memorysetup-temp-allocator-size-background-worker=32768"
    "memorysetup-temp-allocator-size-job-worker=262144"
    "memorysetup-temp-allocator-size-preload-manager=33554432"
    "memorysetup-temp-allocator-size-nav-mesh-worker=65536"
    "memorysetup-temp-allocator-size-audio-worker=65536"
    "memorysetup-temp-allocator-size-cloud-worker=32768"
    "memorysetup-temp-allocator-size-gi-baking-worker=262144"
    "memorysetup-temp-allocator-size-gfx=262144"
Player connection [8388]  Target information:

Player connection [8388]  * "[IP] 10.132.172.50 [Port] 0 [Flags] 2 [Guid] 2863258552 [EditorId] 2863258552 [Version] 1048832 [Id] WindowsEditor(7,LAPTOP-MEOWMERAN) [Debug] 1 [PackageName] WindowsEditor [ProjectName] Editor" 

Player connection [8388]  * "[IP] 192.168.1.4 [Port] 0 [Flags] 2 [Guid] 2863258552 [EditorId] 2863258552 [Version] 1048832 [Id] WindowsEditor(7,LAPTOP-MEOWMERAN) [Debug] 1 [PackageName] WindowsEditor [ProjectName] Editor" 

Player connection [8388] Host joined multi-casting on [225.0.0.222:54997]...
Player connection [8388] Host joined alternative multi-casting on [225.0.0.222:34997]...
Input System module state changed to: Initialized.
[PhysX] Initialized MultithreadedTaskDispatcher with 16 workers.
Refreshing native plugins compatible for Editor in 15.66 ms, found 5 plugins.
Preloading 0 native plugins for Editor in 0.00 ms.
Initialize engine version: 2022.3.62f3 (96770f904ca7)
[Subsystems] Discovering subsystems at path C:/Program Files/Unity/Hub/Editor/2022.3.62f3/Editor/Data/Resources/UnitySubsystems
[Subsystems] Discovering subsystems at path C:/Users/Meowmeran/G14_DrinkLabs/Assets
GfxDevice: creating device client; threaded=0; jobified=0
Direct3D:
    Version:  Direct3D 11.0 [level 11.1]
    Renderer: NVIDIA GeForce RTX 4060 Laptop GPU (ID=0x28a0)
    Vendor:   NVIDIA
    VRAM:     7957 MB
    Driver:   32.0.15.8183
Initialize mono
Mono path[0] = 'C:/Program Files/Unity/Hub/Editor/2022.3.62f3/Editor/Data/Managed'
Mono path[1] = 'C:/Program Files/Unity/Hub/Editor/2022.3.62f3/Editor/Data/MonoBleedingEdge/lib/mono/unityjit-win32'
Mono config path = 'C:/Program Files/Unity/Hub/Editor/2022.3.62f3/Editor/Data/MonoBleedingEdge/etc'
Using monoOptions --debugger-agent=transport=dt_socket,embedding=1,server=y,suspend=n,address=127.0.0.1:56564
Begin MonoManager ReloadAssembly
Registering precompiled unity dll's ...
Register platform support module: C:/Program Files/Unity/Hub/Editor/2022.3.62f3/Editor/Data/PlaybackEngines/AndroidPlayer/UnityEditor.Android.Extensions.dll
Register platform support module: C:/Program Files/Unity/Hub/Editor/2022.3.62f3/Editor/Data/PlaybackEngines/WindowsStandaloneSupport/UnityEditor.WindowsStandalone.Extensions.dll
Registered in 0.004458 seconds.
- Loaded All Assemblies, in  0.302 seconds
Native extension for WindowsStandalone target not found
Native extension for Android target not found
Android Extension - Scanning For ADB Devices 220 ms
Mono: successfully reloaded assembly
- Finished resetting the current domain, in  0.476 seconds
Domain Reload Profiling: 778ms
	BeginReloadAssembly (95ms)
		ExecutionOrderSort (0ms)
		DisableScriptedObjects (0ms)
		BackupInstance (0ms)
		ReleaseScriptingObjects (0ms)
		CreateAndSetChildDomain (1ms)
	RebuildCommonClasses (28ms)
	RebuildNativeTypeToScriptingClass (9ms)
	initialDomainReloadingComplete (43ms)
	LoadAllAssembliesAndSetupDomain (126ms)
		LoadAssemblies (95ms)
		RebuildTransferFunctionScriptingTraits (0ms)
		AnalyzeDomain (124ms)
			TypeCache.Refresh (122ms)
				TypeCache.ScanAssembly (111ms)
			ScanForSourceGeneratedMonoScriptInfo (0ms)
			ResolveRequiredComponents (0ms)
	FinalizeReload (477ms)
		ReleaseScriptCaches (0ms)
		RebuildScriptCaches (0ms)
		SetupLoadedEditorAssemblies (434ms)
			LogAssemblyErrors (0ms)
			InitializePlatformSupportModulesInManaged (284ms)
			SetLoadedEditorAssemblies (4ms)
			RefreshPlugins (0ms)
			BeforeProcessingInitializeOnLoad (2ms)
			ProcessInitializeOnLoadAttributes (104ms)
			ProcessInitializeOnLoadMethodAttributes (40ms)
			AfterProcessingInitializeOnLoad (0ms)
			EditorAssembliesLoaded (0ms)
		ExecutionOrderSort2 (0ms)
		AwakeInstancesAfterBackupRestoration (0ms)
========================================================================
Worker process is ready to serve import requests
Caller must complete domain reload
Begin MonoManager ReloadAssembly
- Loaded All Assemblies, in  2.007 seconds
Native extension for WindowsStandalone target not found
Native extension for Android target not found
Mono: successfully reloaded assembly
Package Manager log level set to [2]
[Package Manager] Server::EnsureServerProcessIsRunning -- launch failed, reason: Unity was launched with the -noUpm command-line argument
[Package Manager] UpmClient::Send -- Unable to send message (not connected to UPM process).
[Package Manager] Cannot connect to Unity Package Manager local server
[Package Manager] Server::EnsureServerProcessIsRunning -- launch failed, reason: Unity was launched with the -noUpm command-line argument
[Package Manager] UpmClient::Send -- Unable to send message (not connected to UPM process).
[Package Manager] Cannot connect to Unity Package Manager local server
- Finished resetting the current domain, in  1.103 seconds
Domain Reload Profiling: 3109ms
	BeginReloadAssembly (105ms)
		ExecutionOrderSort (0ms)
		DisableScriptedObjects (5ms)
		BackupInstance (0ms)
		ReleaseScriptingObjects (0ms)
		CreateAndSetChildDomain (14ms)
	RebuildCommonClasses (25ms)
	RebuildNativeTypeToScriptingClass (7ms)
	initialDomainReloadingComplete (34ms)
	LoadAllAssembliesAndSetupDomain (1833ms)
		LoadAssemblies (1619ms)
		RebuildTransferFunctionScriptingTraits (0ms)
		AnalyzeDomain (275ms)
			TypeCache.Refresh (232ms)
				TypeCache.ScanAssembly (216ms)
			ScanForSourceGeneratedMonoScriptInfo (31ms)
			ResolveRequiredComponents (8ms)
	FinalizeReload (1104ms)
		ReleaseScriptCaches (0ms)
		RebuildScriptCaches (0ms)
		SetupLoadedEditorAssemblies (893ms)
			LogAssemblyErrors (0ms)
			InitializePlatformSupportModulesInManaged (19ms)
			SetLoadedEditorAssemblies (3ms)
			RefreshPlugins (0ms)
			BeforeProcessingInitializeOnLoad (88ms)
			ProcessInitializeOnLoadAttributes (731ms)
			ProcessInitializeOnLoadMethodAttributes (43ms)
			AfterProcessingInitializeOnLoad (7ms)
			EditorAssembliesLoaded (0ms)
		ExecutionOrderSort2 (0ms)
		AwakeInstancesAfterBackupRestoration (11ms)
Launched and connected shader compiler UnityShaderCompiler.exe after 0.08 seconds
Refreshing native plugins compatible for Editor in 8.95 ms, found 5 plugins.
Preloading 0 native plugins for Editor in 0.00 ms.
Unloading 4841 Unused Serialized files (Serialized files now loaded: 0)
Unloading 24 unused Assets / (56.1 KB). Loaded Objects now: 5309.
Memory consumption went from 159.3 MB to 159.3 MB.
Total: 5.069800 ms (FindLiveObjects: 0.334200 ms CreateObjectMapping: 0.213800 ms MarkObjects: 4.388500 ms  DeleteObjects: 0.131500 ms)

AssetImportParameters requested are different than current active one (requested -> active):
  custom:container-demuxer-ogg: 62fdf1f143b41e24485cea50d1cbac27 -> 
  custom:video-codec-MediaFoundation-h265: 746d11721c4dcdbdad8f713fa42b33f4 -> 
  custom:video-decoder-ogg-theora: a1e56fd34408186e4bbccfd4996cb3dc -> 
  custom:framework-win-MediaFoundation: 216162199b28c13a410421893ffa2e32 -> 
  custom:CustomObjectIndexerAttribute: 9a22284fe3817be447336de3de66b15e -> 
  custom:container-demuxer-webm: 4f35f7cbe854078d1ac9338744f61a02 -> 
  custom:container-muxer-webm: aa71ff27fc2769a1b78a27578f13a17b -> 
  custom:video-decoder-webm-vp8: 9c59270c3fd7afecdb556c50c9e8de78 -> 
  custom:SearchIndexIgnoredProperties: e643bd26f0fe6173181afceb89e7c659 -> 
  custom:AudioImporter_EditorPlatform: d09bf68614088b80899f8185d706f6e7 -> 
  custom:video-encoder-webm-vp8: eb34c28f22e8b96e1ab97ce403110664 -> 
  custom:audio-decoder-ogg-vorbis: bf7c407c2cedff20999df2af8eb42d56 -> 
  custom:scripting/monoscript/fileName/XRHelpURLConstants.cs: 7a5beb455c744c93847a166db6e29e55 -> 98df96a8d7c753553b3cf6b4316c07b9
  custom:scripting/precompiled-assembly-types:Unity.XR.Interaction.Toolkit: 8f0e4d93e9ab1e7990676a869950ed0d -> 819168b4a0ac640a342d131d3ee2d198
  custom:audio-encoder-webm-vorbis: bf7c407c2cedff20999df2af8eb42d56 -> 
  custom:scripting/monoscript/fileName/XRHandSubsystemDescriptor.cs:  -> 8fc8308b83c351d004f1cdc61ac89877
  custom:scripting/monoscript/fileName/XRHandSkeletonDriverEditor.cs:  -> caf0e24f344854b7cc27ca3319d7777b
  custom:scripting/monoscript/fileName/HandsOneEuroFilterPostProcessor.cs:  -> 0e0236ff7fe8040e674426d674acdd18
  custom:scripting/monoscript/fileName/OneEuroFilterVector3.cs:  -> b8b59453576fa25eef8ddddb6609971f
  custom:scripting/monoscript/fileName/IXRHandProcessor.cs:  -> 4b007234d59c720c71a162c8aecc7e8b
  custom:scripting/monoscript/fileName/XRHandSubsystem.cs:  -> cce6a52f7ecfbaa3b1c83aac0e79f949
  custom:scripting/monoscript/fileName/XRDeviceSimulatorControllerUI.cs:  -> 1fdda016482e80c4f698bd161ca6a92f
  custom:scripting/monoscript/fileName/XRHandTrackingEventsEditor.cs:  -> 457813090f21a949828c4debe70cdb9a
  custom:scripting/monoscript/fileName/XRDeviceSimulatorUI.cs:  -> 0ec50ce90bac5e819d9ddb292ac27c71
  custom:scripting/monoscript/fileName/XRHandMeshController.cs:  -> 3bb5a4f8745ff5e091f329133fdd04cc
  custom:scripting/monoscript/fileName/TransformSync.cs:  -> 049929db97053c9197a12eaf9903daef
  custom:scripting/precompiled-assembly-types:Unity.XR.Interaction.Toolkit.Samples.Hands:  -> 8851d44065687eef3262ec754563e528
  custom:scripting/monoscript/fileName/BaseXRHandsEditor.cs:  -> a8d271c6e691cdaad1d19054786feae9
  custom:scripting/monoscript/fileName/XRHandSkeletonDriver.cs:  -> a94537efa9fbd44b583cc72c547f79b6
  custom:scripting/monoscript/fileName/XRHandTrackingEvents.cs:  -> e7098a4b48df68ed2c13428b82f2ab35
  custom:scripting/precompiled-assembly-types:Unity.XR.Hands:  -> 9673c5c2d604d17f658d2e74904a57da
  custom:scripting/monoscript/fileName/MetaSystemGestureDetector.cs:  -> 21cabc53388d664323f35f44716fdb3c
  custom:scripting/monoscript/fileName/LocalPositionOffsetAffordanceReceiver.cs:  -> ee410b0df85b670ed6bff48ce74d979f
  custom:scripting/monoscript/fileName/MetaAim.cs:  -> 3fee3cb2a2deaca4b4454ffabc6c25d0
  custom:scripting/monoscript/fileName/ObjectResetPlane.cs:  -> f54d0c309568b6906fff2440030e31c5
  custom:scripting/monoscript/fileName/XRHandRelativeOrientation.cs:  -> d8845917353218514ff113600da2219a
  custom:scripting/monoscript/fileName/XRHandSubsystemProvider.cs:  -> 56e861151abf40d6bce328a415ffdad5
  custom:scripting/monoscript/fileName/HideObjectWhenRayInteractorBlocked.cs:  -> 4176a4c333ac2ccf6d79e4eacf5a1895
  custom:scripting/monoscript/fileName/XRDeviceSimulatorHandsSubsystem.cs:  -> 3e5716ae4db9edc623310fee0f2d15aa
  custom:scripting/precompiled-assembly-types:Unity.XR.Interaction.Toolkit.Samples.Hands.Editor:  -> ace5fec3642dc3ab7f30ebf48424acec
  custom:scripting/monoscript/fileName/XRHandProviderUtility.cs:  -> ada01f841a5bea721f0cf2006d549c0f
  custom:scripting/monoscript/fileName/XRFingerShapeCondition.cs:  -> 9f8a77e7e214750aef105ac235d709cf
  custom:scripting/monoscript/fileName/XRHandSkeletonDriverUtility.cs:  -> 361dff05ffecd6a6307e1658d5105f6f
  custom:scripting/monoscript/fileName/PokeBlendShapeAnimator.cs:  -> 7a3545cedc2f876a561572ace5313708
  custom:scripting/monoscript/fileName/Vector3ScaleAffordanceReceiver.cs:  -> 5c4b4e9a33bfb92f4f9a611034b39e40
  custom:scripting/monoscript/fileName/PinchPointFollow.cs:  -> 5c16ba0863e500f5940201793d070331
  custom:scripting/monoscript/fileName/XRHandDevice.cs:  -> cacb17c4f08d3e689d973730f12b2fe5
  custom:scripting/monoscript/fileName/XRFingerShapeConfiguration.cs:  -> 51cebcc1a7a721478f666b57ed597bfe
  custom:scripting/monoscript/fileName/XRHandJointsUpdatedEventArgs.cs:  -> 839a1abe88068fde13fc7e5db800cc94
  custom:scripting/monoscript/fileName/XRHandProviderUtility.deprecated.cs:  -> 3b131c4273bf0804850beca6c4cbfe0d
  custom:scripting/monoscript/fileName/XRDeviceSimulatorHandsProvider.cs:  -> 515172af02348bc81fcfb3007105b4d2
  custom:scripting/monoscript/fileName/XRHandProcessingUtility.cs:  -> 1f1cc37d4d6243e68655bb128961b59a
  custom:scripting/monoscript/fileName/ToggleGraphicToggler.cs:  -> 51d9373d40da270f48bbe8728ba95a62
  custom:scripting/monoscript/fileName/XRFingerShape.cs:  -> c41aee5172ccf6470e4cd8ae53066d4a
  custom:scripting/monoscript/fileName/XRHandOrientationUtility.cs:  -> 4b0f927202509c86d7a78fa17299a608
  custom:scripting/monoscript/fileName/XRDeviceSimulatorHandsUI.cs:  -> bca3963bba47bbf101fe9d7e7dd07836
  custom:scripting/monoscript/fileName/XRHandShape.cs:  -> 19dfc75c596738b72d119327f3916a15
  custom:scripting/monoscript/fileName/GrabTransformerRotationAxisLock.cs:  -> e31c337c238a978644e1af5133d9c25d
  custom:scripting/monoscript/fileName/XRHandPose.cs:  -> 27ef765d76950ebe336c7873605587f6
  custom:scripting/monoscript/fileName/PokeGestureDetector.cs:  -> 8ed8109023808b7e418a51d11ee41c1f
  custom:scripting/precompiled-assembly-types:Unity.XR.Hands.Editor:  -> 0db44680e4f701f64d00efe03d074340
  custom:scripting/monoscript/fileName/XRHandJoint.cs:  -> 0c41b91f75c823c214b6b2570f979c1b
  custom:scripting/monoscript/fileName/XRHand.cs:  -> 975d9bc94476df585047a2b43a591f0c
  custom:scripting/monoscript/fileName/HandsInteractionSampleProjectValidation.cs:  -> a38e27c4e530b47289ec3c8e37be180e
  custom:scripting/precompiled-assembly-types:Unity.XR.Interaction.Toolkit.Samples.DeviceSimulator:  -> b1a8126a568547b099f25fc1d4f742a8
  custom:scripting/monoscript/fileName/ToggleGameObject.cs:  -> 8e20a01cae91ebd6847aad4a53cd9194
  custom:scripting/monoscript/fileName/Enums.cs:  -> f57a8de2bbdce64e12a5f7fbc7fbbde3
  custom:scripting/monoscript/fileName/XRFingerShapeMath.cs:  -> 788f9ea907cd4861b225ea55dfae8dc5
  custom:scripting/monoscript/fileName/XRHandSubsystem.deprecated.cs:  -> cce6a52f7ecfbaa3b1c83aac0e79f949
  custom:scripting/monoscript/fileName/MetaAim.deprecated.cs:  -> 3fee3cb2a2deaca4b4454ffabc6c25d0
========================================================================
Received Import Request.
  Time since last request: 16423.254712 seconds.
  path: Assets/Samples/XR Interaction Toolkit/2.6.5/Starter Assets/Tunneling Vignette/TunnelingVignette.prefab
  artifactKey: Guid(6c8af5c8012f01440af6cb2bc3eb987c) Importer(2089858483,0ecaa5967403d082aa24f35e1b516d23)
Start importing Assets/Samples/XR Interaction Toolkit/2.6.5/Starter Assets/Tunneling Vignette/TunnelingVignette.prefab using Guid(6c8af5c8012f01440af6cb2bc3eb987c) Importer(2089858483,0ecaa5967403d082aa24f35e1b516d23) [PhysX] Initialized MultithreadedTaskDispatcher with 16 workers.
 -> (artifact id: 'faf366fef9f80002dd747cfb49d94bda') in 0.181169 seconds
Number of updated asset objects reloaded before import = 0
Number of asset objects unloaded after import = 9
========================================================================
Received Import Request.
  Time since last request: 0.000039 seconds.
  path: Assets/Samples/XR Hands/1.8.0/HandVisualizer/Materials/HighFidelity.mat
  artifactKey: Guid(51af688f87bd544fc8b78681d79543a2) Importer(2089858483,0ecaa5967403d082aa24f35e1b516d23)
Start importing Assets/Samples/XR Hands/1.8.0/HandVisualizer/Materials/HighFidelity.mat using Guid(51af688f87bd544fc8b78681d79543a2) Importer(2089858483,0ecaa5967403d082aa24f35e1b516d23) [PhysX] Initialized MultithreadedTaskDispatcher with 16 workers.
 -> (artifact id: 'f7a835a8773f83d3ef148d8682b748cf') in 0.038309 seconds
Number of updated asset objects reloaded before import = 0
Number of asset objects unloaded after import = 2
========================================================================
Received Import Request.
  Time since last request: 0.000085 seconds.
  path: Assets/Samples/XR Interaction Toolkit/2.5.4/Hands Interaction Demo/HandsDemoSceneAssets/AffordanceThemes/InteractionScaleAffordanceTheme.asset
  artifactKey: Guid(6c5f857510aad3f4c8df41fd90e934a5) Importer(2089858483,0ecaa5967403d082aa24f35e1b516d23)
Start importing Assets/Samples/XR Interaction Toolkit/2.5.4/Hands Interaction Demo/HandsDemoSceneAssets/AffordanceThemes/InteractionScaleAffordanceTheme.asset using Guid(6c5f857510aad3f4c8df41fd90e934a5) Importer(2089858483,0ecaa5967403d082aa24f35e1b516d23) [PhysX] Initialized MultithreadedTaskDispatcher with 16 workers.
 -> (artifact id: '2b1d7c1f2c8a766cf9c2a7940884a2a6') in 0.020330 seconds
Number of updated asset objects reloaded before import = 0
Number of asset objects unloaded after import = 1
========================================================================
Received Import Request.
  Time since last request: 0.000022 seconds.
  path: Assets/TextMesh Pro/Resources/Style Sheets/Default Style Sheet.asset
  artifactKey: Guid(f952c082cb03451daed3ee968ac6c63e) Importer(2089858483,0ecaa5967403d082aa24f35e1b516d23)
Start importing Assets/TextMesh Pro/Resources/Style Sheets/Default Style Sheet.asset using Guid(f952c082cb03451daed3ee968ac6c63e) Importer(2089858483,0ecaa5967403d082aa24f35e1b516d23) [PhysX] Initialized MultithreadedTaskDispatcher with 16 workers.
 -> (artifact id: '32ea86677e77ee0295f494b24e1669aa') in 0.021571 seconds
Number of updated asset objects reloaded before import = 0
Number of asset objects unloaded after import = 1
========================================================================
Received Import Request.
  Time since last request: 0.000064 seconds.
  path: Assets/TextMesh Pro/Resources/Fonts & Materials/LiberationSans SDF.asset
  artifactKey: Guid(8f586378b4e144a9851e7b34d9b748ee) Importer(2089858483,0ecaa5967403d082aa24f35e1b516d23)
Start importing Assets/TextMesh Pro/Resources/Fonts & Materials/LiberationSans SDF.asset using Guid(8f586378b4e144a9851e7b34d9b748ee) Importer(2089858483,0ecaa5967403d082aa24f35e1b516d23) [PhysX] Initialized MultithreadedTaskDispatcher with 16 workers.
 -> (artifact id: '90b12fa75cc042953e07df35ce7015bc') in 0.080530 seconds
Number of updated asset objects reloaded before import = 0
Number of asset objects unloaded after import = 8
========================================================================
Received Import Request.
  Time since last request: 0.000027 seconds.
  path: Assets/Samples/XR Interaction Toolkit/2.5.4/Hands Interaction Demo/HandsDemoSceneAssets/Models/VirtualTabletop.fbx
  artifactKey: Guid(365907f61b8b39a48aab9aacd4588f45) Importer(2089858483,0ecaa5967403d082aa24f35e1b516d23)
Start importing Assets/Samples/XR Interaction Toolkit/2.5.4/Hands Interaction Demo/HandsDemoSceneAssets/Models/VirtualTabletop.fbx using Guid(365907f61b8b39a48aab9aacd4588f45) Importer(2089858483,0ecaa5967403d082aa24f35e1b516d23) [PhysX] Initialized MultithreadedTaskDispatcher with 16 workers.
 -> (artifact id: 'e3437e2a7e1991eb24cd619454cfeee3') in 0.049427 seconds
Number of updated asset objects reloaded before import = 0
Number of asset objects unloaded after import = 8
========================================================================
Received Import Request.
  Time since last request: 0.000027 seconds.
  path: Assets/Samples/XR Interaction Toolkit/2.5.4/XR Device Simulator/UI/General/KeyboardIcon.png
  artifactKey: Guid(76dc0abb2ebb44c9a9bd39266f0b3c91) Importer(2089858483,0ecaa5967403d082aa24f35e1b516d23)
Start importing Assets/Samples/XR Interaction Toolkit/2.5.4/XR Device Simulator/UI/General/KeyboardIcon.png using Guid(76dc0abb2ebb44c9a9bd39266f0b3c91) Importer(2089858483,0ecaa5967403d082aa24f35e1b516d23) [PhysX] Initialized MultithreadedTaskDispatcher with 16 workers.
 -> (artifact id: 'd87c5e3cff8555b2d7bd777b36bed53c') in 0.064487 seconds
Number of updated asset objects reloaded before import = 0
Number of asset objects unloaded after import = 3
========================================================================
Received Import Request.
  Time since last request: 0.000031 seconds.
  path: Assets/Samples/XR Interaction Toolkit/2.5.4/XR Device Simulator/UI/Hands/Hand_Fist.png
  artifactKey: Guid(a6e9e9736379c164e81fdfd2c806a91c) Importer(2089858483,0ecaa5967403d082aa24f35e1b516d23)
Start importing Assets/Samples/XR Interaction Toolkit/2.5.4/XR Device Simulator/UI/Hands/Hand_Fist.png using Guid(a6e9e9736379c164e81fdfd2c806a91c) Importer(2089858483,0ecaa5967403d082aa24f35e1b516d23) [PhysX] Initialized MultithreadedTaskDispatcher with 16 workers.
 -> (artifact id: '789f1636ada23339fce56625aeb53e35') in 0.028461 seconds
Number of updated asset objects reloaded before import = 0
Number of asset objects unloaded after import = 3
========================================================================
Received Import Request.
  Time since last request: 0.000024 seconds.
  path: Assets/Samples/XR Interaction Toolkit/2.5.4/Hands Interaction Demo/HandsDemoSceneAssets/Scripts/ToggleGameObject.cs
  artifactKey: Guid(646ef16ad2fbd1944b40157feffe8574) Importer(2089858483,0ecaa5967403d082aa24f35e1b516d23)
Start importing Assets/Samples/XR Interaction Toolkit/2.5.4/Hands Interaction Demo/HandsDemoSceneAssets/Scripts/ToggleGameObject.cs using Guid(646ef16ad2fbd1944b40157feffe8574) Importer(2089858483,0ecaa5967403d082aa24f35e1b516d23) [PhysX] Initialized MultithreadedTaskDispatcher with 16 workers.
 -> (artifact id: 'cbf462c97319ef38b29c7c87e7959443') in 0.015761 seconds
Number of updated asset objects reloaded before import = 0
Number of asset objects unloaded after import = 1
========================================================================
Received Import Request.
  Time since last request: 0.000085 seconds.
  path: Assets/Samples/XR Interaction Toolkit/2.5.4/XR Device Simulator/UI/Hands/hand.png
  artifactKey: Guid(290d158031622c645aa55f8bd981be12) Importer(2089858483,0ecaa5967403d082aa24f35e1b516d23)
Start importing Assets/Samples/XR Interaction Toolkit/2.5.4/XR Device Simulator/UI/Hands/hand.png using Guid(290d158031622c645aa55f8bd981be12) Importer(2089858483,0ecaa5967403d082aa24f35e1b516d23) [PhysX] Initialized MultithreadedTaskDispatcher with 16 workers.
 -> (artifact id: 'd0d8697e728a112719a9e66e710de699') in 0.028019 seconds
Number of updated asset objects reloaded before import = 0
Number of asset objects unloaded after import = 3
========================================================================
Received Import Request.
  Time since last request: 0.000027 seconds.
  path: Assets/Samples/XR Interaction Toolkit/2.5.4/Hands Interaction Demo/HandsDemoSceneAssets/Scripts/GrabTransformerRotationAxisLock.cs
  artifactKey: Guid(24386a87b5e733943809081267792754) Importer(2089858483,0ecaa5967403d082aa24f35e1b516d23)
Start importing Assets/Samples/XR Interaction Toolkit/2.5.4/Hands Interaction Demo/HandsDemoSceneAssets/Scripts/GrabTransformerRotationAxisLock.cs using Guid(24386a87b5e733943809081267792754) Importer(2089858483,0ecaa5967403d082aa24f35e1b516d23) [PhysX] Initialized MultithreadedTaskDispatcher with 16 workers.
 -> (artifact id: 'f20bcf3a08627b01562f8e1c1e357c08') in 0.015109 seconds
Number of updated asset objects reloaded before import = 0
Number of asset objects unloaded after import = 1
========================================================================
Received Import Request.
  Time since last request: 0.000025 seconds.
  path: Assets/Samples/XR Interaction Toolkit/2.5.4/XR Device Simulator/UI/General/CycleXRDevices.png
  artifactKey: Guid(731e7aed8e9f540ac8bf2a7b66abdaf6) Importer(2089858483,0ecaa5967403d082aa24f35e1b516d23)
Start importing Assets/Samples/XR Interaction Toolkit/2.5.4/XR Device Simulator/UI/General/CycleXRDevices.png using Guid(731e7aed8e9f540ac8bf2a7b66abdaf6) Importer(2089858483,0ecaa5967403d082aa24f35e1b516d23) [PhysX] Initialized MultithreadedTaskDispatcher with 16 workers.
 -> (artifact id: '82c43b4f816ecec9b1813ed134889d3b') in 0.033988 seconds
Number of updated asset objects reloaded before import = 0
Number of asset objects unloaded after import = 3
========================================================================
Received Import Request.
  Time since last request: 0.000023 seconds.
  path: Assets/Samples/XR Interaction Toolkit/2.5.4/Hands Interaction Demo/HandsDemoSceneAssets/Prefabs/TableHandle.prefab
  artifactKey: Guid(ed5fdb8d3e523e94ca6d8a239d40615a) Importer(2089858483,0ecaa5967403d082aa24f35e1b516d23)
Start importing Assets/Samples/XR Interaction Toolkit/2.5.4/Hands Interaction Demo/HandsDemoSceneAssets/Prefabs/TableHandle.prefab using Guid(ed5fdb8d3e523e94ca6d8a239d40615a) Importer(2089858483,0ecaa5967403d082aa24f35e1b516d23) [PhysX] Initialized MultithreadedTaskDispatcher with 16 workers.
 -> (artifact id: 'd362b1c1d0c9c2710871830ba7737d5a') in 0.088131 seconds
Number of updated asset objects reloaded before import = 0
Number of asset objects unloaded after import = 40
========================================================================
Received Import Request.
  Time since last request: 0.000026 seconds.
  path: Assets/Samples/XR Interaction Toolkit/2.5.4/Hands Interaction Demo/HandsDemoSceneAssets/Prefabs/Cylinder.prefab
  artifactKey: Guid(531d9182cdbe93948a57bd87a1e47fdf) Importer(2089858483,0ecaa5967403d082aa24f35e1b516d23)
Start importing Assets/Samples/XR Interaction Toolkit/2.5.4/Hands Interaction Demo/HandsDemoSceneAssets/Prefabs/Cylinder.prefab using Guid(531d9182cdbe93948a57bd87a1e47fdf) Importer(2089858483,0ecaa5967403d082aa24f35e1b516d23) [PhysX] Initialized MultithreadedTaskDispatcher with 16 workers.
 -> (artifact id: 'd0374cbedc370423130ecfda3d876387') in 0.037373 seconds
Number of updated asset objects reloaded before import = 0
Number of asset objects unloaded after import = 28
========================================================================
Received Import Request.
  Time since last request: 0.000042 seconds.
  path: Assets/Samples/XR Interaction Toolkit/2.5.4/XR Device Simulator/UI/Hands/Hand_Open.png
  artifactKey: Guid(ceccab26080354140af21950c6d338d5) Importer(2089858483,0ecaa5967403d082aa24f35e1b516d23)
Start importing Assets/Samples/XR Interaction Toolkit/2.5.4/XR Device Simulator/UI/Hands/Hand_Open.png using Guid(ceccab26080354140af21950c6d338d5) Importer(2089858483,0ecaa5967403d082aa24f35e1b516d23) [PhysX] Initialized MultithreadedTaskDispatcher with 16 workers.
 -> (artifact id: '861e78afaedfbaaafea015395ca9f4a2') in 0.027864 seconds
Number of updated asset objects reloaded before import = 0
Number of asset objects unloaded after import = 3
========================================================================
Received Import Request.
  Time since last request: 0.000024 seconds.
  path: Assets/Samples/XR Interaction Toolkit/2.5.4/XR Device Simulator/UI/General/CloseWindow.png
  artifactKey: Guid(c76518a5819794083a346812c0906b77) Importer(2089858483,0ecaa5967403d082aa24f35e1b516d23)
Start importing Assets/Samples/XR Interaction Toolkit/2.5.4/XR Device Simulator/UI/General/CloseWindow.png using Guid(c76518a5819794083a346812c0906b77) Importer(2089858483,0ecaa5967403d082aa24f35e1b516d23) [PhysX] Initialized MultithreadedTaskDispatcher with 16 workers.
 -> (artifact id: 'a07bf16d70a4c6bff30c345c5cc082db') in 0.027982 seconds
Number of updated asset objects reloaded before import = 0
Number of asset objects unloaded after import = 3
========================================================================
Received Import Request.
  Time since last request: 0.000019 seconds.
  path: Assets/Samples/XR Interaction Toolkit/2.5.4/XR Device Simulator/UI/General/Locked.png
  artifactKey: Guid(3aad042fcb57b4bed9d9a46b932df060) Importer(2089858483,0ecaa5967403d082aa24f35e1b516d23)
Start importing Assets/Samples/XR Interaction Toolkit/2.5.4/XR Device Simulator/UI/General/Locked.png using Guid(3aad042fcb57b4bed9d9a46b932df060) Importer(2089858483,0ecaa5967403d082aa24f35e1b516d23) [PhysX] Initialized MultithreadedTaskDispatcher with 16 workers.
 -> (artifact id: 'bea10df9c16682daaca2de69c6065765') in 0.025800 seconds
Number of updated asset objects reloaded before import = 0
Number of asset objects unloaded after import = 3
========================================================================
Received Import Request.
  Time since last request: 0.000024 seconds.
  path: Assets/Samples/XR Interaction Toolkit/2.5.4/XR Device Simulator/UI/Hands/Hand_Poke.png
  artifactKey: Guid(a2586e6b399337f409118c79273dc29d) Importer(2089858483,0ecaa5967403d082aa24f35e1b516d23)
Start importing Assets/Samples/XR Interaction Toolkit/2.5.4/XR Device Simulator/UI/Hands/Hand_Poke.png using Guid(a2586e6b399337f409118c79273dc29d) Importer(2089858483,0ecaa5967403d082aa24f35e1b516d23) [PhysX] Initialized MultithreadedTaskDispatcher with 16 workers.
 -> (artifact id: '593b469c4eed03e57204819ed0369aed') in 0.032579 seconds
Number of updated asset objects reloaded before import = 0
Number of asset objects unloaded after import = 3
========================================================================
Received Import Request.
  Time since last request: 0.000026 seconds.
  path: Assets/Samples/XR Interaction Toolkit/2.5.4/Hands Interaction Demo/HandsDemoSceneAssets/Prefabs/Cube.prefab
  artifactKey: Guid(f5afcb7f49afad5419049090809f5cc7) Importer(2089858483,0ecaa5967403d082aa24f35e1b516d23)
Start importing Assets/Samples/XR Interaction Toolkit/2.5.4/Hands Interaction Demo/HandsDemoSceneAssets/Prefabs/Cube.prefab using Guid(f5afcb7f49afad5419049090809f5cc7) Importer(2089858483,0ecaa5967403d082aa24f35e1b516d23) [PhysX] Initialized MultithreadedTaskDispatcher with 16 workers.
 -> (artifact id: '57fd5cab6da1bfe2dc15d1e59a406b8b') in 0.036516 seconds
Number of updated asset objects reloaded before import = 0
Number of asset objects unloaded after import = 28
========================================================================
Received Import Request.
  Time since last request: 0.000020 seconds.
  path: Assets/Samples/XR Interaction Toolkit/2.6.5/Starter Assets/DemoSceneAssets/Sprites/Checkmark.png
  artifactKey: Guid(db3e7b7c8db355e499429545071a0321) Importer(2089858483,0ecaa5967403d082aa24f35e1b516d23)
Start importing Assets/Samples/XR Interaction Toolkit/2.6.5/Starter Assets/DemoSceneAssets/Sprites/Checkmark.png using Guid(db3e7b7c8db355e499429545071a0321) Importer(2089858483,0ecaa5967403d082aa24f35e1b516d23) [PhysX] Initialized MultithreadedTaskDispatcher with 16 workers.
 -> (artifact id: '9e1d1398848ab803f95b0631965c701e') in 0.025892 seconds
Number of updated asset objects reloaded before import = 0
Number of asset objects unloaded after import = 3
========================================================================
Received Import Request.
  Time since last request: 0.000029 seconds.
  path: Assets/Samples/XR Interaction Toolkit/2.6.5/Starter Assets/Prefabs/Interactors/Gaze Interactor.prefab
  artifactKey: Guid(b84cd05e1160fe34cab2585022c8cd99) Importer(2089858483,0ecaa5967403d082aa24f35e1b516d23)
Start importing Assets/Samples/XR Interaction Toolkit/2.6.5/Starter Assets/Prefabs/Interactors/Gaze Interactor.prefab using Guid(b84cd05e1160fe34cab2585022c8cd99) Importer(2089858483,0ecaa5967403d082aa24f35e1b516d23) [PhysX] Initialized MultithreadedTaskDispatcher with 16 workers.
 -> (artifact id: '5ee4e99cd0b4a0040ed3252c5e09ac7e') in 0.373122 seconds
Number of updated asset objects reloaded before import = 0
Number of asset objects unloaded after import = 13
========================================================================
Received Import Request.
  Time since last request: 0.000022 seconds.
  path: Assets/Samples/XR Interaction Toolkit/2.6.5/Starter Assets/DemoSceneAssets/Sprites/Circle_60x60_Horizontal.png
  artifactKey: Guid(e45f8f823c093d941855bb23b53b9414) Importer(2089858483,0ecaa5967403d082aa24f35e1b516d23)
Start importing Assets/Samples/XR Interaction Toolkit/2.6.5/Starter Assets/DemoSceneAssets/Sprites/Circle_60x60_Horizontal.png using Guid(e45f8f823c093d941855bb23b53b9414) Importer(2089858483,0ecaa5967403d082aa24f35e1b516d23) [PhysX] Initialized MultithreadedTaskDispatcher with 16 workers.
 -> (artifact id: 'eaf2ce8a659489b843a1e68029c22a1e') in 0.025191 seconds
Number of updated asset objects reloaded before import = 0
Number of asset objects unloaded after import = 3
========================================================================
Received Import Request.
  Time since last request: 0.000131 seconds.
  path: Assets/Samples/XR Hands/1.8.0/HandVisualizer/Prefabs/VelocityPrefab.prefab
  artifactKey: Guid(629fd7882ec6bfc499a5fcf20035282b) Importer(2089858483,0ecaa5967403d082aa24f35e1b516d23)
Start importing Assets/Samples/XR Hands/1.8.0/HandVisualizer/Prefabs/VelocityPrefab.prefab using Guid(629fd7882ec6bfc499a5fcf20035282b) Importer(2089858483,0ecaa5967403d082aa24f35e1b516d23) [PhysX] Initialized MultithreadedTaskDispatcher with 16 workers.
 -> (artifact id: 'b6b455f820cb8bd62dfa47cbdba0a504') in 0.022907 seconds
Number of updated asset objects reloaded before import = 0
Number of asset objects unloaded after import = 5
========================================================================
Received Import Request.
  Time since last request: 0.000022 seconds.
  path: Assets/Samples/XR Interaction Toolkit/2.5.4/XR Device Simulator/Hand Expression Captures/Thumb Expression Capture.asset
  artifactKey: Guid(9d8c9c84da35a7c4c89efd57343c1df8) Importer(2089858483,0ecaa5967403d082aa24f35e1b516d23)
Start importing Assets/Samples/XR Interaction Toolkit/2.5.4/XR Device Simulator/Hand Expression Captures/Thumb Expression Capture.asset using Guid(9d8c9c84da35a7c4c89efd57343c1df8) Importer(2089858483,0ecaa5967403d082aa24f35e1b516d23) [PhysX] Initialized MultithreadedTaskDispatcher with 16 workers.
 -> (artifact id: '44ddeb2c818a0b29940a6db04d93e173') in 0.016490 seconds
Number of updated asset objects reloaded before import = 0
Number of asset objects unloaded after import = 2
========================================================================
Received Import Request.
  Time since last request: 0.000026 seconds.
  path: Assets/Samples/XR Interaction Toolkit/2.5.4/XR Device Simulator/Hand Expression Captures/Poke Expression Capture.asset
  artifactKey: Guid(95c319715e9d2644da8ae09af8ccfee6) Importer(2089858483,0ecaa5967403d082aa24f35e1b516d23)
Start importing Assets/Samples/XR Interaction Toolkit/2.5.4/XR Device Simulator/Hand Expression Captures/Poke Expression Capture.asset using Guid(95c319715e9d2644da8ae09af8ccfee6) Importer(2089858483,0ecaa5967403d082aa24f35e1b516d23) [PhysX] Initialized MultithreadedTaskDispatcher with 16 workers.
 -> (artifact id: '4e0cabd20b38e1a88531623e9daa15ed') in 0.018405 seconds
Number of updated asset objects reloaded before import = 0
Number of asset objects unloaded after import = 2
========================================================================
Received Import Request.
  Time since last request: 0.000026 seconds.
  path: Assets/TextMesh Pro/Resources/Sprite Assets/EmojiOne.asset
  artifactKey: Guid(c41005c129ba4d66911b75229fd70b45) Importer(2089858483,0ecaa5967403d082aa24f35e1b516d23)
Start importing Assets/TextMesh Pro/Resources/Sprite Assets/EmojiOne.asset using Guid(c41005c129ba4d66911b75229fd70b45) Importer(2089858483,0ecaa5967403d082aa24f35e1b516d23) [PhysX] Initialized MultithreadedTaskDispatcher with 16 workers.
 -> (artifact id: '78701d44dd9b73a14955e92f5e3c0a4c') in 0.022283 seconds
Number of updated asset objects reloaded before import = 0
Number of asset objects unloaded after import = 3
========================================================================
Received Import Request.
  Time since last request: 0.000024 seconds.
  path: Assets/Samples/XR Interaction Toolkit/2.6.5/Starter Assets/DemoSceneAssets/Prefabs/UI/Icon Button.prefab
  artifactKey: Guid(56686f82f64b0af4688a89676403a500) Importer(2089858483,0ecaa5967403d082aa24f35e1b516d23)
Start importing Assets/Samples/XR Interaction Toolkit/2.6.5/Starter Assets/DemoSceneAssets/Prefabs/UI/Icon Button.prefab using Guid(56686f82f64b0af4688a89676403a500) Importer(2089858483,0ecaa5967403d082aa24f35e1b516d23) [PhysX] Initialized MultithreadedTaskDispatcher with 16 workers.
 -> (artifact id: 'b3085d293051c5b5aa736f346df61563') in 0.062604 seconds
Number of updated asset objects reloaded before import = 0
Number of asset objects unloaded after import = 24
========================================================================
Received Import Request.
  Time since last request: 0.000028 seconds.
  path: Assets/Samples/XR Interaction Toolkit/2.5.4/Hands Interaction Demo/HandsDemoSceneAssets/Prefabs/UI/TouchPad Button.prefab
  artifactKey: Guid(b0c78422845bac948a9080175e57ffff) Importer(2089858483,0ecaa5967403d082aa24f35e1b516d23)
Start importing Assets/Samples/XR Interaction Toolkit/2.5.4/Hands Interaction Demo/HandsDemoSceneAssets/Prefabs/UI/TouchPad Button.prefab using Guid(b0c78422845bac948a9080175e57ffff) Importer(2089858483,0ecaa5967403d082aa24f35e1b516d23) [PhysX] Initialized MultithreadedTaskDispatcher with 16 workers.
 -> (artifact id: '7ba3cb441528777345e09fcc33bfa7ca') in 0.039502 seconds
Number of updated asset objects reloaded before import = 0
Number of asset objects unloaded after import = 24
========================================================================
Received Import Request.
  Time since last request: 0.000028 seconds.
  path: Assets/Samples/XR Interaction Toolkit/2.6.5/Starter Assets/DemoSceneAssets/Prefabs/Climb/Ladder.prefab
  artifactKey: Guid(b3830b3b2f190ee46a9c88433e985221) Importer(2089858483,0ecaa5967403d082aa24f35e1b516d23)
Start importing Assets/Samples/XR Interaction Toolkit/2.6.5/Starter Assets/DemoSceneAssets/Prefabs/Climb/Ladder.prefab using Guid(b3830b3b2f190ee46a9c88433e985221) Importer(2089858483,0ecaa5967403d082aa24f35e1b516d23) [PhysX] Initialized MultithreadedTaskDispatcher with 16 workers.
 -> (artifact id: '5accd3c3cb072f9d68de252b6172809e') in 0.025649 seconds
Number of updated asset objects reloaded before import = 0
Number of asset objects unloaded after import = 141
========================================================================
Received Import Request.
  Time since last request: 0.000026 seconds.
  path: Assets/Samples/XR Interaction Toolkit/2.6.5/Starter Assets/DemoSceneAssets/Prefabs/Climb/Climbing Wall.prefab
  artifactKey: Guid(a0ea40bd139aedc43b0e8374d6139437) Importer(2089858483,0ecaa5967403d082aa24f35e1b516d23)
Start importing Assets/Samples/XR Interaction Toolkit/2.6.5/Starter Assets/DemoSceneAssets/Prefabs/Climb/Climbing Wall.prefab using Guid(a0ea40bd139aedc43b0e8374d6139437) Importer(2089858483,0ecaa5967403d082aa24f35e1b516d23) [PhysX] Initialized MultithreadedTaskDispatcher with 16 workers.
 -> (artifact id: 'c552f14bdc23f6d3ec8257dbeb575e07') in 0.021989 seconds
Number of updated asset objects reloaded before import = 0
Number of asset objects unloaded after import = 345
========================================================================
Received Import Request.
  Time since last request: 0.000041 seconds.
  path: Assets/Samples/XR Interaction Toolkit/2.5.4/Hands Interaction Demo/HandsDemoSceneAssets/AffordanceThemes/Chess/WhiteChessPieceColorTheme.asset
  artifactKey: Guid(c39d3614cd6089347a01b0743003ae34) Importer(2089858483,0ecaa5967403d082aa24f35e1b516d23)
Start importing Assets/Samples/XR Interaction Toolkit/2.5.4/Hands Interaction Demo/HandsDemoSceneAssets/AffordanceThemes/Chess/WhiteChessPieceColorTheme.asset using Guid(c39d3614cd6089347a01b0743003ae34) Importer(2089858483,0ecaa5967403d082aa24f35e1b516d23) [PhysX] Initialized MultithreadedTaskDispatcher with 16 workers.
 -> (artifact id: 'cd8438f3cb01dfd94efa056843cf7282') in 0.020510 seconds
Number of updated asset objects reloaded before import = 0
Number of asset objects unloaded after import = 1
========================================================================
Received Import Request.
  Time since last request: 0.000026 seconds.
  path: Assets/Samples/XR Interaction Toolkit/2.5.4/Hands Interaction Demo/HandsDemoSceneAssets/AffordanceThemes/Chess/InteractionBlendShapeAffordanceTheme.asset
  artifactKey: Guid(20eb8725b4dab864ea2bfa8ecbd4adff) Importer(2089858483,0ecaa5967403d082aa24f35e1b516d23)
Start importing Assets/Samples/XR Interaction Toolkit/2.5.4/Hands Interaction Demo/HandsDemoSceneAssets/AffordanceThemes/Chess/InteractionBlendShapeAffordanceTheme.asset using Guid(20eb8725b4dab864ea2bfa8ecbd4adff) Importer(2089858483,0ecaa5967403d082aa24f35e1b516d23) [PhysX] Initialized MultithreadedTaskDispatcher with 16 workers.
 -> (artifact id: '57c982632aea58b32552f3cfa12907c8') in 0.020196 seconds
Number of updated asset objects reloaded before import = 0
Number of asset objects unloaded after import = 1
========================================================================
Received Import Request.
  Time since last request: 0.000044 seconds.
  path: Assets/Samples/XR Interaction Toolkit/2.6.5/Starter Assets/DemoSceneAssets/Prefabs/Teleport/Teleport Anchor.prefab
  artifactKey: Guid(fad94b617f0540568dbf4c9c4011248c) Importer(2089858483,0ecaa5967403d082aa24f35e1b516d23)
Start importing Assets/Samples/XR Interaction Toolkit/2.6.5/Starter Assets/DemoSceneAssets/Prefabs/Teleport/Teleport Anchor.prefab using Guid(fad94b617f0540568dbf4c9c4011248c) Importer(2089858483,0ecaa5967403d082aa24f35e1b516d23) [PhysX] Initialized MultithreadedTaskDispatcher with 16 workers.
 -> (artifact id: '73140ac5b71f7529e67d944b9a1aeca7') in 0.055071 seconds
Number of updated asset objects reloaded before import = 0
Number of asset objects unloaded after import = 13
========================================================================
Received Import Request.
  Time since last request: 0.000027 seconds.
  path: Assets/Samples/XR Interaction Toolkit/2.5.4/Hands Interaction Demo/HandsDemoSceneAssets/Prefabs/UI/Hand Menu Setup With ScrollView Variant.prefab
  artifactKey: Guid(30194602712a0eb4980318e2379d1bb8) Importer(2089858483,0ecaa5967403d082aa24f35e1b516d23)
Start importing Assets/Samples/XR Interaction Toolkit/2.5.4/Hands Interaction Demo/HandsDemoSceneAssets/Prefabs/UI/Hand Menu Setup With ScrollView Variant.prefab using Guid(30194602712a0eb4980318e2379d1bb8) Importer(2089858483,0ecaa5967403d082aa24f35e1b516d23) [PhysX] Initialized MultithreadedTaskDispatcher with 16 workers.
 -> (artifact id: '9bc738956c81ff386fe07213804a8cf4') in 0.044276 seconds
Number of updated asset objects reloaded before import = 0
Number of asset objects unloaded after import = 243
========================================================================
Received Import Request.
  Time since last request: 0.000031 seconds.
  path: Assets/Samples/XR Interaction Toolkit/2.5.4/Hands Interaction Demo/HandsDemoSceneAssets/Models/Chess/Chess_Board.fbx
  artifactKey: Guid(714a27c3372b8074d8370e2bc0cecf56) Importer(2089858483,0ecaa5967403d082aa24f35e1b516d23)
Start importing Assets/Samples/XR Interaction Toolkit/2.5.4/Hands Interaction Demo/HandsDemoSceneAssets/Models/Chess/Chess_Board.fbx using Guid(714a27c3372b8074d8370e2bc0cecf56) Importer(2089858483,0ecaa5967403d082aa24f35e1b516d23) [PhysX] Initialized MultithreadedTaskDispatcher with 16 workers.
 -> (artifact id: '68a1ab9584c520942a21e81dac1761d7') in 0.171335 seconds
Number of updated asset objects reloaded before import = 0
Number of asset objects unloaded after import = 326
========================================================================
Received Import Request.
  Time since last request: 0.000022 seconds.
  path: Assets/Samples/XR Interaction Toolkit/2.6.5/Starter Assets/DemoSceneAssets/Prefabs/Interactables/Interactable Velocity Tracked Wedge.prefab
  artifactKey: Guid(d5615d616019430d9c2e8727e71c97fb) Importer(2089858483,0ecaa5967403d082aa24f35e1b516d23)
Start importing Assets/Samples/XR Interaction Toolkit/2.6.5/Starter Assets/DemoSceneAssets/Prefabs/Interactables/Interactable Velocity Tracked Wedge.prefab using Guid(d5615d616019430d9c2e8727e71c97fb) Importer(2089858483,0ecaa5967403d082aa24f35e1b516d23) [PhysX] Initialized MultithreadedTaskDispatcher with 16 workers.
 -> (artifact id: '6985e27c6073bcdd7cc61bf6f2ad648c') in 0.026681 seconds
Number of updated asset objects reloaded before import = 0
Number of asset objects unloaded after import = 20
========================================================================
Received Import Request.
  Time since last request: 0.000033 seconds.
  path: Assets/Samples/XR Interaction Toolkit/2.6.5/Starter Assets/DemoSceneAssets/Prefabs/UI/TextButton.prefab
  artifactKey: Guid(e5db301629853dd4a99835fa70099d79) Importer(2089858483,0ecaa5967403d082aa24f35e1b516d23)
Start importing Assets/Samples/XR Interaction Toolkit/2.6.5/Starter Assets/DemoSceneAssets/Prefabs/UI/TextButton.prefab using Guid(e5db301629853dd4a99835fa70099d79) Importer(2089858483,0ecaa5967403d082aa24f35e1b516d23) [PhysX] Initialized MultithreadedTaskDispatcher with 16 workers.
 -> (artifact id: '98bcc510155954acd41dd16086b45ad9') in 0.035385 seconds
Number of updated asset objects reloaded before import = 0
Number of asset objects unloaded after import = 24
========================================================================
Received Import Request.
  Time since last request: 0.000028 seconds.
  path: Assets/Samples/XR Interaction Toolkit/2.6.5/Starter Assets/Prefabs/Teleport/Blocking Teleport Reticle.prefab
  artifactKey: Guid(a3fde713df4d99042a0403c4be9eea32) Importer(2089858483,0ecaa5967403d082aa24f35e1b516d23)
Start importing Assets/Samples/XR Interaction Toolkit/2.6.5/Starter Assets/Prefabs/Teleport/Blocking Teleport Reticle.prefab using Guid(a3fde713df4d99042a0403c4be9eea32) Importer(2089858483,0ecaa5967403d082aa24f35e1b516d23) [PhysX] Initialized MultithreadedTaskDispatcher with 16 workers.
 -> (artifact id: '169e1366efa4b5a039fc1d0957784b85') in 0.017463 seconds
Number of updated asset objects reloaded before import = 0
Number of asset objects unloaded after import = 17
========================================================================
Received Import Request.
  Time since last request: 0.000042 seconds.
  path: Assets/Samples/XR Interaction Toolkit/2.5.4/XR Device Simulator/UI/Hands/Hand_Default.png
  artifactKey: Guid(7d3dbc333af046c4193982e1166659dd) Importer(2089858483,0ecaa5967403d082aa24f35e1b516d23)
Start importing Assets/Samples/XR Interaction Toolkit/2.5.4/XR Device Simulator/UI/Hands/Hand_Default.png using Guid(7d3dbc333af046c4193982e1166659dd) Importer(2089858483,0ecaa5967403d082aa24f35e1b516d23) [PhysX] Initialized MultithreadedTaskDispatcher with 16 workers.
 -> (artifact id: '99bfabdcf4835a9d5a3beec00c150d8f') in 0.029822 seconds
Number of updated asset objects reloaded before import = 0
Number of asset objects unloaded after import = 3
========================================================================
Received Import Request.
  Time since last request: 0.000045 seconds.
  path: Assets/Samples/XR Interaction Toolkit/2.6.5/Starter Assets/DemoSceneAssets/Audio/Button Pop.wav
  artifactKey: Guid(16fba6d30ed741d4a9fdd6e79ee2f3ac) Importer(2089858483,0ecaa5967403d082aa24f35e1b516d23)
Start importing Assets/Samples/XR Interaction Toolkit/2.6.5/Starter Assets/DemoSceneAssets/Audio/Button Pop.wav using Guid(16fba6d30ed741d4a9fdd6e79ee2f3ac) Importer(2089858483,0ecaa5967403d082aa24f35e1b516d23) [PhysX] Initialized MultithreadedTaskDispatcher with 16 workers.
 -> (artifact id: 'e4d82cfafd9f31c0491c7d364267ea11') in 0.065250 seconds
Number of updated asset objects reloaded before import = 0
Number of asset objects unloaded after import = 1
========================================================================
Received Import Request.
  Time since last request: 0.000023 seconds.
  path: Assets/Samples/XR Interaction Toolkit/2.6.5/Starter Assets/Models/XRControllerLeft.fbx
  artifactKey: Guid(be3083a5f26d4e859d594ecbe632f87e) Importer(2089858483,0ecaa5967403d082aa24f35e1b516d23)
Start importing Assets/Samples/XR Interaction Toolkit/2.6.5/Starter Assets/Models/XRControllerLeft.fbx using Guid(be3083a5f26d4e859d594ecbe632f87e) Importer(2089858483,0ecaa5967403d082aa24f35e1b516d23) [PhysX] Initialized MultithreadedTaskDispatcher with 16 workers.
 -> (artifact id: '2993b18eae8b2393aa8c4733167ec61d') in 0.033273 seconds
Number of updated asset objects reloaded before import = 0
Number of asset objects unloaded after import = 52
========================================================================
Received Import Request.
  Time since last request: 0.000023 seconds.
  path: Assets/Samples/XR Interaction Toolkit/2.5.4/Hands Interaction Demo/Prefabs/Affordances/Hand Direct Interactor Affordances.prefab
  artifactKey: Guid(67c52e745f2766644ba16bfb165e2659) Importer(2089858483,0ecaa5967403d082aa24f35e1b516d23)
Start importing Assets/Samples/XR Interaction Toolkit/2.5.4/Hands Interaction Demo/Prefabs/Affordances/Hand Direct Interactor Affordances.prefab using Guid(67c52e745f2766644ba16bfb165e2659) Importer(2089858483,0ecaa5967403d082aa24f35e1b516d23) [PhysX] Initialized MultithreadedTaskDispatcher with 16 workers.
 -> (artifact id: '67c198033686f30ae9c3efb94af7eec6') in 0.053318 seconds
Number of updated asset objects reloaded before import = 0
Number of asset objects unloaded after import = 11
========================================================================
Received Import Request.
  Time since last request: 0.000025 seconds.
  path: Assets/Samples/XR Interaction Toolkit/2.5.4/XR Device Simulator/UI/ControllerDevice/xr_ctlr.png
  artifactKey: Guid(7d7a2f6c5e996e24388af5a8227afdcf) Importer(2089858483,0ecaa5967403d082aa24f35e1b516d23)
Start importing Assets/Samples/XR Interaction Toolkit/2.5.4/XR Device Simulator/UI/ControllerDevice/xr_ctlr.png using Guid(7d7a2f6c5e996e24388af5a8227afdcf) Importer(2089858483,0ecaa5967403d082aa24f35e1b516d23) [PhysX] Initialized MultithreadedTaskDispatcher with 16 workers.
 -> (artifact id: '28d26a9a4ba1608504d14542193b639d') in 0.026134 seconds
Number of updated asset objects reloaded before import = 0
Number of asset objects unloaded after import = 3
========================================================================
Received Import Request.
  Time since last request: 0.000042 seconds.
  path: Assets/Samples/XR Interaction Toolkit/2.5.4/XR Device Simulator/UI/General/btn_bgbottom.png
  artifactKey: Guid(89cb99e3e22696848a1cbce7b320f520) Importer(2089858483,0ecaa5967403d082aa24f35e1b516d23)
Start importing Assets/Samples/XR Interaction Toolkit/2.5.4/XR Device Simulator/UI/General/btn_bgbottom.png using Guid(89cb99e3e22696848a1cbce7b320f520) Importer(2089858483,0ecaa5967403d082aa24f35e1b516d23) [PhysX] Initialized MultithreadedTaskDispatcher with 16 workers.
 -> (artifact id: '61dd5008124d7c2ac3730a9518b5370f') in 0.029142 seconds
Number of updated asset objects reloaded before import = 0
Number of asset objects unloaded after import = 3
========================================================================
Received Import Request.
  Time since last request: 0.000026 seconds.
  path: Assets/Samples/XR Interaction Toolkit/2.6.5/Starter Assets/DemoScene.unity
  artifactKey: Guid(319dafa5c80f29f428dc1e0d03f04177) Importer(2089858483,0ecaa5967403d082aa24f35e1b516d23)
Start importing Assets/Samples/XR Interaction Toolkit/2.6.5/Starter Assets/DemoScene.unity using Guid(319dafa5c80f29f428dc1e0d03f04177) Importer(2089858483,0ecaa5967403d082aa24f35e1b516d23) [PhysX] Initialized MultithreadedTaskDispatcher with 16 workers.
 -> (artifact id: 'dbc224b7edd8de7ae2645554b379c5aa') in 0.012651 seconds
Number of updated asset objects reloaded before import = 0
Number of asset objects unloaded after import = 1
========================================================================
Received Import Request.
  Time since last request: 0.000024 seconds.
  path: Assets/Samples/XR Hands/1.8.0/HandVisualizer/Models/LeftHand.fbx
  artifactKey: Guid(bf7151579c38e2a44be94ba8773876c1) Importer(2089858483,0ecaa5967403d082aa24f35e1b516d23)
Start importing Assets/Samples/XR Hands/1.8.0/HandVisualizer/Models/LeftHand.fbx using Guid(bf7151579c38e2a44be94ba8773876c1) Importer(2089858483,0ecaa5967403d082aa24f35e1b516d23) [PhysX] Initialized MultithreadedTaskDispatcher with 16 workers.
 -> (artifact id: 'bb381925abb605a02a3b8401c6007abb') in 0.022513 seconds
Number of updated asset objects reloaded before import = 0
Number of asset objects unloaded after import = 60
========================================================================
Received Import Request.
  Time since last request: 0.000024 seconds.
  path: Assets/TextMesh Pro/Fonts/LiberationSans - OFL.txt
  artifactKey: Guid(6e59c59b81ab47f9b6ec5781fa725d2c) Importer(2089858483,0ecaa5967403d082aa24f35e1b516d23)
Start importing Assets/TextMesh Pro/Fonts/LiberationSans - OFL.txt using Guid(6e59c59b81ab47f9b6ec5781fa725d2c) Importer(2089858483,0ecaa5967403d082aa24f35e1b516d23) [PhysX] Initialized MultithreadedTaskDispatcher with 16 workers.
 -> (artifact id: '56011c3bd67118009eb282ea1116ce6c') in 0.015178 seconds
Number of updated asset objects reloaded before import = 0
Number of asset objects unloaded after import = 1
========================================================================
Received Import Request.
  Time since last request: 0.000024 seconds.
  path: Assets/Samples/XR Interaction Toolkit/2.6.5/Starter Assets/Prefabs/XR Origin (XR Rig).prefab
  artifactKey: Guid(f6336ac4ac8b4d34bc5072418cdc62a0) Importer(2089858483,0ecaa5967403d082aa24f35e1b516d23)
Start importing Assets/Samples/XR Interaction Toolkit/2.6.5/Starter Assets/Prefabs/XR Origin (XR Rig).prefab using Guid(f6336ac4ac8b4d34bc5072418cdc62a0) Importer(2089858483,0ecaa5967403d082aa24f35e1b516d23) [PhysX] Initialized MultithreadedTaskDispatcher with 16 workers.
 -> (artifact id: '7606f35e5e89903534cb8ec22e30ff00') in 0.071259 seconds
Number of updated asset objects reloaded before import = 0
Number of asset objects unloaded after import = 307
========================================================================
Received Import Request.
  Time since last request: 0.000030 seconds.
  path: Assets/Samples/XR Interaction Toolkit/2.5.4/Hands Interaction Demo/Scripts/LocalPositionOffsetAffordanceReceiver.cs
  artifactKey: Guid(865d01d2834c9cb4caa8f2c901104c2d) Importer(2089858483,0ecaa5967403d082aa24f35e1b516d23)
Start importing Assets/Samples/XR Interaction Toolkit/2.5.4/Hands Interaction Demo/Scripts/LocalPositionOffsetAffordanceReceiver.cs using Guid(865d01d2834c9cb4caa8f2c901104c2d) Importer(2089858483,0ecaa5967403d082aa24f35e1b516d23) [PhysX] Initialized MultithreadedTaskDispatcher with 16 workers.
 -> (artifact id: 'f423392d22fbeb23b9d94cba9d9b9212') in 0.016703 seconds
Number of updated asset objects reloaded before import = 0
Number of asset objects unloaded after import = 1
========================================================================
Received Import Request.
  Time since last request: 0.000023 seconds.
  path: Assets/Samples/XR Interaction Toolkit/2.5.4/Hands Interaction Demo/DatumPresets/Under Watch Controller Follow Preset.asset
  artifactKey: Guid(979c1b69d98e91041bc1c5c6e63aab97) Importer(2089858483,0ecaa5967403d082aa24f35e1b516d23)
Start importing Assets/Samples/XR Interaction Toolkit/2.5.4/Hands Interaction Demo/DatumPresets/Under Watch Controller Follow Preset.asset using Guid(979c1b69d98e91041bc1c5c6e63aab97) Importer(2089858483,0ecaa5967403d082aa24f35e1b516d23) [PhysX] Initialized MultithreadedTaskDispatcher with 16 workers.
 -> (artifact id: '56856746dbb469a0746e5755ae88a0bd') in 0.020061 seconds
Number of updated asset objects reloaded before import = 0
Number of asset objects unloaded after import = 1
========================================================================
Received Import Request.
  Time since last request: 0.000045 seconds.
  path: Assets/Samples/XR Interaction Toolkit/2.6.5/Starter Assets/Tunneling Vignette/TunnelingVignette.shader
  artifactKey: Guid(e51b4af1e50be764e8de46e07d4e3f3f) Importer(2089858483,0ecaa5967403d082aa24f35e1b516d23)
Start importing Assets/Samples/XR Interaction Toolkit/2.6.5/Starter Assets/Tunneling Vignette/TunnelingVignette.shader using Guid(e51b4af1e50be764e8de46e07d4e3f3f) Importer(2089858483,0ecaa5967403d082aa24f35e1b516d23) [PhysX] Initialized MultithreadedTaskDispatcher with 16 workers.
 -> (artifact id: '9682434b7b483b9c4e94536718b08664') in 0.017380 seconds
Number of updated asset objects reloaded before import = 0
Number of asset objects unloaded after import = 1
========================================================================
Received Import Request.
  Time since last request: 0.000088 seconds.
  path: Assets/Samples/XR Interaction Toolkit/2.6.5/Starter Assets/DemoSceneAssets/AffordanceThemes/InteractionColorAffordanceTheme.asset
  artifactKey: Guid(3ec238cb3e80e274c844d7b56f585392) Importer(2089858483,0ecaa5967403d082aa24f35e1b516d23)
Start importing Assets/Samples/XR Interaction Toolkit/2.6.5/Starter Assets/DemoSceneAssets/AffordanceThemes/InteractionColorAffordanceTheme.asset using Guid(3ec238cb3e80e274c844d7b56f585392) Importer(2089858483,0ecaa5967403d082aa24f35e1b516d23) [PhysX] Initialized MultithreadedTaskDispatcher with 16 workers.
 -> (artifact id: '52bdf33980b428a7cffc6981c09ee81b') in 0.019310 seconds
Number of updated asset objects reloaded before import = 0
Number of asset objects unloaded after import = 1
========================================================================
Received Import Request.
  Time since last request: 0.000028 seconds.
  path: Assets/Samples/XR Hands/1.8.0/HandVisualizer/Materials/MaterialPipelineHandler.asset
  artifactKey: Guid(e22d037d5d9286644b4b81a8b91b5ee5) Importer(2089858483,0ecaa5967403d082aa24f35e1b516d23)
Start importing Assets/Samples/XR Hands/1.8.0/HandVisualizer/Materials/MaterialPipelineHandler.asset using Guid(e22d037d5d9286644b4b81a8b91b5ee5) Importer(2089858483,0ecaa5967403d082aa24f35e1b516d23) [PhysX] Initialized MultithreadedTaskDispatcher with 16 workers.
 -> (artifact id: '88c85516d7623ae3fe91027d8972fc55') in 0.013634 seconds
Number of updated asset objects reloaded before import = 0
Number of asset objects unloaded after import = 1
========================================================================
Received Import Request.
  Time since last request: 0.000051 seconds.
  path: Assets/Samples/XR Interaction Toolkit/2.5.4/Hands Interaction Demo/Shaders/Subgraphs/OneFingerHighlight.shadersubgraph
  artifactKey: Guid(b8fd0258d5743d74290d71cbca4d556b) Importer(2089858483,0ecaa5967403d082aa24f35e1b516d23)
Start importing Assets/Samples/XR Interaction Toolkit/2.5.4/Hands Interaction Demo/Shaders/Subgraphs/OneFingerHighlight.shadersubgraph using Guid(b8fd0258d5743d74290d71cbca4d556b) Importer(2089858483,0ecaa5967403d082aa24f35e1b516d23) [PhysX] Initialized MultithreadedTaskDispatcher with 16 workers.
 -> (artifact id: '6d173c20194fdfd5f9b2a935bb75e18a') in 0.014502 seconds
Number of updated asset objects reloaded before import = 0
Number of asset objects unloaded after import = 1
========================================================================
Received Prepare
Refreshing native plugins compatible for Editor in 12.36 ms, found 5 plugins.
Preloading 0 native plugins for Editor in 0.00 ms.
Unloading 0 Unused Serialized files (Serialized files now loaded: 0)
Unloading 2 unused Assets / (1.7 KB). Loaded Objects now: 5315.
Memory consumption went from 82.5 MB to 82.5 MB.
Total: 10.199900 ms (FindLiveObjects: 0.635400 ms CreateObjectMapping: 0.430300 ms MarkObjects: 9.079500 ms  DeleteObjects: 0.052900 ms)

Prepare: number of updated asset objects reloaded= 0
AssetImportParameters requested are different than current active one (requested -> active):
  custom:container-demuxer-ogg: 62fdf1f143b41e24485cea50d1cbac27 -> 
  custom:video-codec-MediaFoundation-h265: 746d11721c4dcdbdad8f713fa42b33f4 -> 
  custom:video-decoder-ogg-theora: a1e56fd34408186e4bbccfd4996cb3dc -> 
  custom:framework-win-MediaFoundation: 216162199b28c13a410421893ffa2e32 -> 
  custom:CustomObjectIndexerAttribute: 9a22284fe3817be447336de3de66b15e -> 
  custom:container-demuxer-webm: 4f35f7cbe854078d1ac9338744f61a02 -> 
  custom:container-muxer-webm: aa71ff27fc2769a1b78a27578f13a17b -> 
  custom:video-decoder-webm-vp8: 9c59270c3fd7afecdb556c50c9e8de78 -> 
  custom:SearchIndexIgnoredProperties: e643bd26f0fe6173181afceb89e7c659 -> 
  custom:AudioImporter_EditorPlatform: d09bf68614088b80899f8185d706f6e7 -> 
  custom:video-encoder-webm-vp8: eb34c28f22e8b96e1ab97ce403110664 -> 
  custom:audio-decoder-ogg-vorbis: bf7c407c2cedff20999df2af8eb42d56 -> 
  custom:scripting/monoscript/fileName/XRHelpURLConstants.cs: 7a5beb455c744c93847a166db6e29e55 -> 98df96a8d7c753553b3cf6b4316c07b9
  custom:scripting/precompiled-assembly-types:Unity.XR.Interaction.Toolkit: 8f0e4d93e9ab1e7990676a869950ed0d -> 819168b4a0ac640a342d131d3ee2d198
  custom:audio-encoder-webm-vorbis: bf7c407c2cedff20999df2af8eb42d56 -> 
  custom:scripting/monoscript/fileName/XRHandSubsystemDescriptor.cs:  -> 8fc8308b83c351d004f1cdc61ac89877
  custom:scripting/monoscript/fileName/XRHandSkeletonDriverEditor.cs:  -> caf0e24f344854b7cc27ca3319d7777b
  custom:scripting/monoscript/fileName/HandsOneEuroFilterPostProcessor.cs:  -> 0e0236ff7fe8040e674426d674acdd18
  custom:scripting/monoscript/fileName/OneEuroFilterVector3.cs:  -> b8b59453576fa25eef8ddddb6609971f
  custom:scripting/monoscript/fileName/IXRHandProcessor.cs:  -> 4b007234d59c720c71a162c8aecc7e8b
  custom:scripting/monoscript/fileName/XRHandSubsystem.cs:  -> cce6a52f7ecfbaa3b1c83aac0e79f949
  custom:scripting/monoscript/fileName/XRDeviceSimulatorControllerUI.cs:  -> 1fdda016482e80c4f698bd161ca6a92f
  custom:scripting/monoscript/fileName/XRHandTrackingEventsEditor.cs:  -> 457813090f21a949828c4debe70cdb9a
  custom:scripting/monoscript/fileName/XRDeviceSimulatorUI.cs:  -> 0ec50ce90bac5e819d9ddb292ac27c71
  custom:scripting/monoscript/fileName/XRHandMeshController.cs:  -> 3bb5a4f8745ff5e091f329133fdd04cc
  custom:scripting/monoscript/fileName/TransformSync.cs:  -> 049929db97053c9197a12eaf9903daef
  custom:scripting/precompiled-assembly-types:Unity.XR.Interaction.Toolkit.Samples.Hands:  -> 8851d44065687eef3262ec754563e528
  custom:scripting/monoscript/fileName/BaseXRHandsEditor.cs:  -> a8d271c6e691cdaad1d19054786feae9
  custom:scripting/monoscript/fileName/XRHandSkeletonDriver.cs:  -> a94537efa9fbd44b583cc72c547f79b6
  custom:scripting/monoscript/fileName/XRHandTrackingEvents.cs:  -> e7098a4b48df68ed2c13428b82f2ab35
  custom:scripting/precompiled-assembly-types:Unity.XR.Hands:  -> 9673c5c2d604d17f658d2e74904a57da
  custom:scripting/monoscript/fileName/MetaSystemGestureDetector.cs:  -> 21cabc53388d664323f35f44716fdb3c
  custom:scripting/monoscript/fileName/LocalPositionOffsetAffordanceReceiver.cs:  -> ee410b0df85b670ed6bff48ce74d979f
  custom:scripting/monoscript/fileName/MetaAim.cs:  -> 3fee3cb2a2deaca4b4454ffabc6c25d0
  custom:scripting/monoscript/fileName/ObjectResetPlane.cs:  -> f54d0c309568b6906fff2440030e31c5
  custom:scripting/monoscript/fileName/XRHandRelativeOrientation.cs:  -> d8845917353218514ff113600da2219a
  custom:scripting/monoscript/fileName/XRHandSubsystemProvider.cs:  -> 56e861151abf40d6bce328a415ffdad5
  custom:scripting/monoscript/fileName/HideObjectWhenRayInteractorBlocked.cs:  -> 4176a4c333ac2ccf6d79e4eacf5a1895
  custom:scripting/monoscript/fileName/XRDeviceSimulatorHandsSubsystem.cs:  -> 3e5716ae4db9edc623310fee0f2d15aa
  custom:scripting/precompiled-assembly-types:Unity.XR.Interaction.Toolkit.Samples.Hands.Editor:  -> ace5fec3642dc3ab7f30ebf48424acec
  custom:scripting/monoscript/fileName/XRHandProviderUtility.cs:  -> ada01f841a5bea721f0cf2006d549c0f
  custom:scripting/monoscript/fileName/XRFingerShapeCondition.cs:  -> 9f8a77e7e214750aef105ac235d709cf
  custom:scripting/monoscript/fileName/XRHandSkeletonDriverUtility.cs:  -> 361dff05ffecd6a6307e1658d5105f6f
  custom:scripting/monoscript/fileName/PokeBlendShapeAnimator.cs:  -> 7a3545cedc2f876a561572ace5313708
  custom:scripting/monoscript/fileName/Vector3ScaleAffordanceReceiver.cs:  -> 5c4b4e9a33bfb92f4f9a611034b39e40
  custom:scripting/monoscript/fileName/PinchPointFollow.cs:  -> 5c16ba0863e500f5940201793d070331
  custom:scripting/monoscript/fileName/XRHandDevice.cs:  -> cacb17c4f08d3e689d973730f12b2fe5
  custom:scripting/monoscript/fileName/XRFingerShapeConfiguration.cs:  -> 51cebcc1a7a721478f666b57ed597bfe
  custom:scripting/monoscript/fileName/XRHandJointsUpdatedEventArgs.cs:  -> 839a1abe88068fde13fc7e5db800cc94
  custom:scripting/monoscript/fileName/XRHandProviderUtility.deprecated.cs:  -> 3b131c4273bf0804850beca6c4cbfe0d
  custom:scripting/monoscript/fileName/XRDeviceSimulatorHandsProvider.cs:  -> 515172af02348bc81fcfb3007105b4d2
  custom:scripting/monoscript/fileName/XRHandProcessingUtility.cs:  -> 1f1cc37d4d6243e68655bb128961b59a
  custom:scripting/monoscript/fileName/ToggleGraphicToggler.cs:  -> 51d9373d40da270f48bbe8728ba95a62
  custom:scripting/monoscript/fileName/XRFingerShape.cs:  -> c41aee5172ccf6470e4cd8ae53066d4a
  custom:scripting/monoscript/fileName/XRHandOrientationUtility.cs:  -> 4b0f927202509c86d7a78fa17299a608
  custom:scripting/monoscript/fileName/XRDeviceSimulatorHandsUI.cs:  -> bca3963bba47bbf101fe9d7e7dd07836
  custom:scripting/monoscript/fileName/XRHandShape.cs:  -> 19dfc75c596738b72d119327f3916a15
  custom:scripting/monoscript/fileName/GrabTransformerRotationAxisLock.cs:  -> e31c337c238a978644e1af5133d9c25d
  custom:scripting/monoscript/fileName/XRHandPose.cs:  -> 27ef765d76950ebe336c7873605587f6
  custom:scripting/monoscript/fileName/PokeGestureDetector.cs:  -> 8ed8109023808b7e418a51d11ee41c1f
  custom:scripting/precompiled-assembly-types:Unity.XR.Hands.Editor:  -> 0db44680e4f701f64d00efe03d074340
  custom:scripting/monoscript/fileName/XRHandJoint.cs:  -> 0c41b91f75c823c214b6b2570f979c1b
  custom:scripting/monoscript/fileName/XRHand.cs:  -> 975d9bc94476df585047a2b43a591f0c
  custom:scripting/monoscript/fileName/HandsInteractionSampleProjectValidation.cs:  -> a38e27c4e530b47289ec3c8e37be180e
  custom:scripting/precompiled-assembly-types:Unity.XR.Interaction.Toolkit.Samples.DeviceSimulator:  -> b1a8126a568547b099f25fc1d4f742a8
  custom:scripting/monoscript/fileName/ToggleGameObject.cs:  -> 8e20a01cae91ebd6847aad4a53cd9194
  custom:scripting/monoscript/fileName/Enums.cs:  -> f57a8de2bbdce64e12a5f7fbc7fbbde3
  custom:scripting/monoscript/fileName/XRFingerShapeMath.cs:  -> 788f9ea907cd4861b225ea55dfae8dc5
  custom:scripting/monoscript/fileName/XRHandSubsystem.deprecated.cs:  -> cce6a52f7ecfbaa3b1c83aac0e79f949
  custom:scripting/monoscript/fileName/MetaAim.deprecated.cs:  -> 3fee3cb2a2deaca4b4454ffabc6c25d0
========================================================================
Received Prepare
Refreshing native plugins compatible for Editor in 7.22 ms, found 5 plugins.
Preloading 0 native plugins for Editor in 0.00 ms.
Unloading 1 Unused Serialized files (Serialized files now loaded: 0)
Unloading 1 unused Assets / (3.1 KB). Loaded Objects now: 5315.
Memory consumption went from 82.7 MB to 82.7 MB.
Total: 7.353800 ms (FindLiveObjects: 0.354600 ms CreateObjectMapping: 0.181400 ms MarkObjects: 6.769300 ms  DeleteObjects: 0.047000 ms)

Prepare: number of updated asset objects reloaded= 0
AssetImportParameters requested are different than current active one (requested -> active):
  custom:container-demuxer-ogg: 62fdf1f143b41e24485cea50d1cbac27 -> 
  custom:video-codec-MediaFoundation-h265: 746d11721c4dcdbdad8f713fa42b33f4 -> 
  custom:video-decoder-ogg-theora: a1e56fd34408186e4bbccfd4996cb3dc -> 
  custom:framework-win-MediaFoundation: 216162199b28c13a410421893ffa2e32 -> 
  custom:CustomObjectIndexerAttribute: 9a22284fe3817be447336de3de66b15e -> 
  custom:container-demuxer-webm: 4f35f7cbe854078d1ac9338744f61a02 -> 
  custom:container-muxer-webm: aa71ff27fc2769a1b78a27578f13a17b -> 
  custom:video-decoder-webm-vp8: 9c59270c3fd7afecdb556c50c9e8de78 -> 
  custom:SearchIndexIgnoredProperties: e643bd26f0fe6173181afceb89e7c659 -> 
  custom:AudioImporter_EditorPlatform: d09bf68614088b80899f8185d706f6e7 -> 
  custom:video-encoder-webm-vp8: eb34c28f22e8b96e1ab97ce403110664 -> 
  custom:audio-decoder-ogg-vorbis: bf7c407c2cedff20999df2af8eb42d56 -> 
  custom:scripting/monoscript/fileName/XRHelpURLConstants.cs: 7a5beb455c744c93847a166db6e29e55 -> 98df96a8d7c753553b3cf6b4316c07b9
  custom:scripting/precompiled-assembly-types:Unity.XR.Interaction.Toolkit: 8f0e4d93e9ab1e7990676a869950ed0d -> 819168b4a0ac640a342d131d3ee2d198
  custom:audio-encoder-webm-vorbis: bf7c407c2cedff20999df2af8eb42d56 -> 
  custom:scripting/monoscript/fileName/XRHandSubsystemDescriptor.cs:  -> 8fc8308b83c351d004f1cdc61ac89877
  custom:scripting/monoscript/fileName/XRHandSkeletonDriverEditor.cs:  -> caf0e24f344854b7cc27ca3319d7777b
  custom:scripting/monoscript/fileName/HandsOneEuroFilterPostProcessor.cs:  -> 0e0236ff7fe8040e674426d674acdd18
  custom:scripting/monoscript/fileName/OneEuroFilterVector3.cs:  -> b8b59453576fa25eef8ddddb6609971f
  custom:scripting/monoscript/fileName/IXRHandProcessor.cs:  -> 4b007234d59c720c71a162c8aecc7e8b
  custom:scripting/monoscript/fileName/XRHandSubsystem.cs:  -> cce6a52f7ecfbaa3b1c83aac0e79f949
  custom:scripting/monoscript/fileName/XRDeviceSimulatorControllerUI.cs:  -> 1fdda016482e80c4f698bd161ca6a92f
  custom:scripting/monoscript/fileName/XRHandTrackingEventsEditor.cs:  -> 457813090f21a949828c4debe70cdb9a
  custom:scripting/monoscript/fileName/XRDeviceSimulatorUI.cs:  -> 0ec50ce90bac5e819d9ddb292ac27c71
  custom:scripting/monoscript/fileName/XRHandMeshController.cs:  -> 3bb5a4f8745ff5e091f329133fdd04cc
  custom:scripting/monoscript/fileName/TransformSync.cs:  -> 049929db97053c9197a12eaf9903daef
  custom:scripting/precompiled-assembly-types:Unity.XR.Interaction.Toolkit.Samples.Hands:  -> 8851d44065687eef3262ec754563e528
  custom:scripting/monoscript/fileName/BaseXRHandsEditor.cs:  -> a8d271c6e691cdaad1d19054786feae9
  custom:scripting/monoscript/fileName/XRHandSkeletonDriver.cs:  -> a94537efa9fbd44b583cc72c547f79b6
  custom:scripting/monoscript/fileName/XRHandTrackingEvents.cs:  -> e7098a4b48df68ed2c13428b82f2ab35
  custom:scripting/precompiled-assembly-types:Unity.XR.Hands:  -> 9673c5c2d604d17f658d2e74904a57da
  custom:scripting/monoscript/fileName/MetaSystemGestureDetector.cs:  -> 21cabc53388d664323f35f44716fdb3c
  custom:scripting/monoscript/fileName/LocalPositionOffsetAffordanceReceiver.cs:  -> ee410b0df85b670ed6bff48ce74d979f
  custom:scripting/monoscript/fileName/MetaAim.cs:  -> 3fee3cb2a2deaca4b4454ffabc6c25d0
  custom:scripting/monoscript/fileName/ObjectResetPlane.cs:  -> f54d0c309568b6906fff2440030e31c5
  custom:scripting/monoscript/fileName/XRHandRelativeOrientation.cs:  -> d8845917353218514ff113600da2219a
  custom:scripting/monoscript/fileName/XRHandSubsystemProvider.cs:  -> 56e861151abf40d6bce328a415ffdad5
  custom:scripting/monoscript/fileName/HideObjectWhenRayInteractorBlocked.cs:  -> 4176a4c333ac2ccf6d79e4eacf5a1895
  custom:scripting/monoscript/fileName/XRDeviceSimulatorHandsSubsystem.cs:  -> 3e5716ae4db9edc623310fee0f2d15aa
  custom:scripting/precompiled-assembly-types:Unity.XR.Interaction.Toolkit.Samples.Hands.Editor:  -> ace5fec3642dc3ab7f30ebf48424acec
  custom:scripting/monoscript/fileName/XRHandProviderUtility.cs:  -> ada01f841a5bea721f0cf2006d549c0f
  custom:scripting/monoscript/fileName/XRFingerShapeCondition.cs:  -> 9f8a77e7e214750aef105ac235d709cf
  custom:scripting/monoscript/fileName/XRHandSkeletonDriverUtility.cs:  -> 361dff05ffecd6a6307e1658d5105f6f
  custom:scripting/monoscript/fileName/PokeBlendShapeAnimator.cs:  -> 7a3545cedc2f876a561572ace5313708
  custom:scripting/monoscript/fileName/Vector3ScaleAffordanceReceiver.cs:  -> 5c4b4e9a33bfb92f4f9a611034b39e40
  custom:scripting/monoscript/fileName/PinchPointFollow.cs:  -> 5c16ba0863e500f5940201793d070331
  custom:scripting/monoscript/fileName/XRHandDevice.cs:  -> cacb17c4f08d3e689d973730f12b2fe5
  custom:scripting/monoscript/fileName/XRFingerShapeConfiguration.cs:  -> 51cebcc1a7a721478f666b57ed597bfe
  custom:scripting/monoscript/fileName/XRHandJointsUpdatedEventArgs.cs:  -> 839a1abe88068fde13fc7e5db800cc94
  custom:scripting/monoscript/fileName/XRHandProviderUtility.deprecated.cs:  -> 3b131c4273bf0804850beca6c4cbfe0d
  custom:scripting/monoscript/fileName/XRDeviceSimulatorHandsProvider.cs:  -> 515172af02348bc81fcfb3007105b4d2
  custom:scripting/monoscript/fileName/XRHandProcessingUtility.cs:  -> 1f1cc37d4d6243e68655bb128961b59a
  custom:scripting/monoscript/fileName/ToggleGraphicToggler.cs:  -> 51d9373d40da270f48bbe8728ba95a62
  custom:scripting/monoscript/fileName/XRFingerShape.cs:  -> c41aee5172ccf6470e4cd8ae53066d4a
  custom:scripting/monoscript/fileName/XRHandOrientationUtility.cs:  -> 4b0f927202509c86d7a78fa17299a608
  custom:scripting/monoscript/fileName/XRDeviceSimulatorHandsUI.cs:  -> bca3963bba47bbf101fe9d7e7dd07836
  custom:scripting/monoscript/fileName/XRHandShape.cs:  -> 19dfc75c596738b72d119327f3916a15
  custom:scripting/monoscript/fileName/GrabTransformerRotationAxisLock.cs:  -> e31c337c238a978644e1af5133d9c25d
  custom:scripting/monoscript/fileName/XRHandPose.cs:  -> 27ef765d76950ebe336c7873605587f6
  custom:scripting/monoscript/fileName/PokeGestureDetector.cs:  -> 8ed8109023808b7e418a51d11ee41c1f
  custom:scripting/precompiled-assembly-types:Unity.XR.Hands.Editor:  -> 0db44680e4f701f64d00efe03d074340
  custom:scripting/monoscript/fileName/XRHandJoint.cs:  -> 0c41b91f75c823c214b6b2570f979c1b
  custom:scripting/monoscript/fileName/XRHand.cs:  -> 975d9bc94476df585047a2b43a591f0c
  custom:scripting/monoscript/fileName/HandsInteractionSampleProjectValidation.cs:  -> a38e27c4e530b47289ec3c8e37be180e
  custom:scripting/precompiled-assembly-types:Unity.XR.Interaction.Toolkit.Samples.DeviceSimulator:  -> b1a8126a568547b099f25fc1d4f742a8
  custom:scripting/monoscript/fileName/ToggleGameObject.cs:  -> 8e20a01cae91ebd6847aad4a53cd9194
  custom:scripting/monoscript/fileName/Enums.cs:  -> f57a8de2bbdce64e12a5f7fbc7fbbde3
  custom:scripting/monoscript/fileName/XRFingerShapeMath.cs:  -> 788f9ea907cd4861b225ea55dfae8dc5
  custom:scripting/monoscript/fileName/XRHandSubsystem.deprecated.cs:  -> cce6a52f7ecfbaa3b1c83aac0e79f949
  custom:scripting/monoscript/fileName/MetaAim.deprecated.cs:  -> 3fee3cb2a2deaca4b4454ffabc6c25d0
========================================================================
Received Import Request.
  Time since last request: 26.396225 seconds.
  path: Assets/CoffeeMug.png
  artifactKey: Guid(d1748e4b9e7a8b042943d0e0a139fac8) Importer(815301076,1909f56bfc062723c751e8b465ee728b)
Start importing Assets/CoffeeMug.png using Guid(d1748e4b9e7a8b042943d0e0a139fac8) Importer(815301076,1909f56bfc062723c751e8b465ee728b) [PhysX] Initialized MultithreadedTaskDispatcher with 16 workers.
[PhysX] Initialized MultithreadedTaskDispatcher with 16 workers.
 -> (artifact id: '5c20186e7c787c1ba68d8a2bfb4aed8e') in 0.122984 seconds
Number of updated asset objects reloaded before import = 0
Number of asset objects unloaded after import = 2
